<?xml version="1.0" encoding="UTF-8"?>
<testng-results ignored="0" total="19" passed="13" failed="6" skipped="0">
  <reporter-output>
  </reporter-output>
  <suite started-at="2022-06-15T19:45:12 EET" name="Surefire suite" finished-at="2022-06-15T19:49:20 EET" duration-ms="248726">
    <groups>
      <group name="cucumber">
        <method signature="AbstractTestNGCucumberTests.runScenario(io.cucumber.testng.PickleWrapper,io.cucumber.testng.FeatureWrapper)[pri:0, instance:org.example.Runner.Runner@6591f517]" name="runScenario" class="io.cucumber.testng.AbstractTestNGCucumberTests"/>
      </group> <!-- cucumber -->
    </groups>
    <test started-at="2022-06-15T19:45:12 EET" name="Surefire test" finished-at="2022-06-15T19:49:20 EET" duration-ms="248726">
      <class name="org.example.Runner.Runner">
        <test-method is-config="true" signature="setUpClass(org.testng.ITestContext)[pri:0, instance:org.example.Runner.Runner@6591f517]" started-at="2022-06-15T19:45:12 EET" name="setUpClass" finished-at="2022-06-15T19:45:12 EET" duration-ms="700" status="PASS">
          <params>
            <param index="0">
              <value>
                <![CDATA[org.testng.TestRunner@21d8da75]]>
              </value>
            </param>
          </params>
          <reporter-output>
          </reporter-output>
        </test-method> <!-- setUpClass -->
        <test-method signature="runScenario(io.cucumber.testng.PickleWrapper,io.cucumber.testng.FeatureWrapper)[pri:0, instance:org.example.Runner.Runner@6591f517]" started-at="2022-06-15T19:45:12 EET" name="runScenario" description="Runs Cucumber Scenarios" data-provider="scenarios" finished-at="2022-06-15T19:45:21 EET" duration-ms="8611" status="FAIL">
          <params>
            <param index="0">
              <value>
                <![CDATA["User can create new account using valid credentials"]]>
              </value>
            </param>
            <param index="1">
              <value>
                <![CDATA["Optional[User could register with a new account]"]]>
              </value>
            </param>
          </params>
          <exception class="java.lang.AssertionError">
            <message>
              <![CDATA[The following asserts failed:
expected [https://demo.nopcommerce.com/registerresult/1?returnUrl=/] but found [https://demo.nopcommerce.com/register?returnurl=%2F]]]>
            </message>
            <full-stacktrace>
              <![CDATA[java.lang.AssertionError: The following asserts failed:
expected [https://demo.nopcommerce.com/registerresult/1?returnUrl=/] but found [https://demo.nopcommerce.com/register?returnurl=%2F]
at org.testng.asserts.SoftAssert.assertAll(SoftAssert.java:47)
at org.testng.asserts.SoftAssert.assertAll(SoftAssert.java:31)
at org.example.StepDefinition.SD01_Registration.Direct_to_Register_Successful_Page(SD01_Registration.java:74)
at ✽.User directed to successful register page "https://demo.nopcommerce.com/registerresult/1?returnUrl=/"(file:///C:/New%20folder/E-Commerce_Automation/src/main/resources/Features/F01_Registration.feature:12)
]]>
            </full-stacktrace>
          </exception> <!-- java.lang.AssertionError -->
          <reporter-output>
          </reporter-output>
        </test-method> <!-- runScenario -->
        <test-method signature="runScenario(io.cucumber.testng.PickleWrapper,io.cucumber.testng.FeatureWrapper)[pri:0, instance:org.example.Runner.Runner@6591f517]" started-at="2022-06-15T19:45:21 EET" name="runScenario" description="Runs Cucumber Scenarios" data-provider="scenarios" finished-at="2022-06-15T19:45:34 EET" duration-ms="12387" status="FAIL">
          <params>
            <param index="0">
              <value>
                <![CDATA["User could Login Using Valid Credentials"]]>
              </value>
            </param>
            <param index="1">
              <value>
                <![CDATA["Optional[User should be able to Login to his account]"]]>
              </value>
            </param>
          </params>
          <exception class="org.openqa.selenium.NoSuchElementException">
            <message>
              <![CDATA[no such element: Unable to locate element: {"method":"css selector","selector":"a[class="ico-account"]"}
  (Session info: chrome=102.0.5005.115)
For documentation on this error, please visit: https://selenium.dev/exceptions/#no_such_element
Build info: version: '4.1.4', revision: '535d840ee2'
System info: host: 'DESKTOP-LVVDLDS', ip: '192.168.1.8', os.name: 'Windows 10', os.arch: 'amd64', os.version: '10.0', java.version: '18'
Driver info: org.openqa.selenium.chrome.ChromeDriver
Command: [8ef5a9ff941d4bb59f63e20c221da4c6, findElement {using=css selector, value=a[class="ico-account"]}]
Capabilities {acceptInsecureCerts: false, browserName: chrome, browserVersion: 102.0.5005.115, chrome: {chromedriverVersion: 102.0.5005.61 (0e59bcc00cc4..., userDataDir: C:\Users\ABDULR~1\AppData\L...}, goog:chromeOptions: {debuggerAddress: localhost:53299}, javascriptEnabled: true, networkConnectionEnabled: false, pageLoadStrategy: normal, platform: WINDOWS, platformName: WINDOWS, proxy: Proxy(), se:cdp: ws://localhost:53299/devtoo..., se:cdpVersion: 102.0.5005.115, setWindowRect: true, strictFileInteractability: false, timeouts: {implicit: 0, pageLoad: 300000, script: 30000}, unhandledPromptBehavior: dismiss and notify, webauthn:extension:credBlob: true, webauthn:extension:largeBlob: true, webauthn:virtualAuthenticators: true}
Session ID: 8ef5a9ff941d4bb59f63e20c221da4c6]]>
            </message>
            <full-stacktrace>
              <![CDATA[org.openqa.selenium.NoSuchElementException: no such element: Unable to locate element: {"method":"css selector","selector":"a[class="ico-account"]"}
  (Session info: chrome=102.0.5005.115)
For documentation on this error, please visit: https://selenium.dev/exceptions/#no_such_element
Build info: version: '4.1.4', revision: '535d840ee2'
System info: host: 'DESKTOP-LVVDLDS', ip: '192.168.1.8', os.name: 'Windows 10', os.arch: 'amd64', os.version: '10.0', java.version: '18'
Driver info: org.openqa.selenium.chrome.ChromeDriver
Command: [8ef5a9ff941d4bb59f63e20c221da4c6, findElement {using=css selector, value=a[class="ico-account"]}]
Capabilities {acceptInsecureCerts: false, browserName: chrome, browserVersion: 102.0.5005.115, chrome: {chromedriverVersion: 102.0.5005.61 (0e59bcc00cc4..., userDataDir: C:\Users\ABDULR~1\AppData\L...}, goog:chromeOptions: {debuggerAddress: localhost:53299}, javascriptEnabled: true, networkConnectionEnabled: false, pageLoadStrategy: normal, platform: WINDOWS, platformName: WINDOWS, proxy: Proxy(), se:cdp: ws://localhost:53299/devtoo..., se:cdpVersion: 102.0.5005.115, setWindowRect: true, strictFileInteractability: false, timeouts: {implicit: 0, pageLoad: 300000, script: 30000}, unhandledPromptBehavior: dismiss and notify, webauthn:extension:credBlob: true, webauthn:extension:largeBlob: true, webauthn:virtualAuthenticators: true}
Session ID: 8ef5a9ff941d4bb59f63e20c221da4c6
at java.base/jdk.internal.reflect.DirectConstructorHandleAccessor.newInstance(DirectConstructorHandleAccessor.java:67)
at java.base/java.lang.reflect.Constructor.newInstanceWithCaller(Constructor.java:499)
at java.base/java.lang.reflect.Constructor.newInstance(Constructor.java:483)
at org.openqa.selenium.remote.codec.w3c.W3CHttpResponseCodec.createException(W3CHttpResponseCodec.java:200)
at org.openqa.selenium.remote.codec.w3c.W3CHttpResponseCodec.decode(W3CHttpResponseCodec.java:133)
at org.openqa.selenium.remote.codec.w3c.W3CHttpResponseCodec.decode(W3CHttpResponseCodec.java:53)
at org.openqa.selenium.remote.HttpCommandExecutor.execute(HttpCommandExecutor.java:184)
at org.openqa.selenium.remote.service.DriverCommandExecutor.invokeExecute(DriverCommandExecutor.java:167)
at org.openqa.selenium.remote.service.DriverCommandExecutor.execute(DriverCommandExecutor.java:142)
at org.openqa.selenium.remote.RemoteWebDriver.execute(RemoteWebDriver.java:567)
at org.openqa.selenium.remote.ElementLocation$ElementFinder$2.findElement(ElementLocation.java:162)
at org.openqa.selenium.remote.ElementLocation.findElement(ElementLocation.java:60)
at org.openqa.selenium.remote.RemoteWebDriver.findElement(RemoteWebDriver.java:385)
at org.openqa.selenium.remote.RemoteWebDriver.findElement(RemoteWebDriver.java:377)
at org.example.Pages.P02_Login.myAccount_Tab(P02_Login.java:40)
at org.example.StepDefinition.SD02_Login.Login_To_Account_Success(SD02_Login.java:46)
at ✽.User should be directed to Home Page "https://demo.nopcommerce.com/"(file:///C:/New%20folder/E-Commerce_Automation/src/main/resources/Features/F02_Login.feature:10)
]]>
            </full-stacktrace>
          </exception> <!-- org.openqa.selenium.NoSuchElementException -->
          <reporter-output>
          </reporter-output>
        </test-method> <!-- runScenario -->
        <test-method signature="runScenario(io.cucumber.testng.PickleWrapper,io.cucumber.testng.FeatureWrapper)[pri:0, instance:org.example.Runner.Runner@6591f517]" started-at="2022-06-15T19:45:34 EET" name="runScenario" description="Runs Cucumber Scenarios" data-provider="scenarios" finished-at="2022-06-15T19:45:41 EET" duration-ms="7662" status="PASS">
          <params>
            <param index="0">
              <value>
                <![CDATA["User can Select Euro Currency For shopping"]]>
              </value>
            </param>
            <param index="1">
              <value>
                <![CDATA["Optional[User can switch between currencies]"]]>
              </value>
            </param>
          </params>
          <reporter-output>
          </reporter-output>
        </test-method> <!-- runScenario -->
        <test-method signature="runScenario(io.cucumber.testng.PickleWrapper,io.cucumber.testng.FeatureWrapper)[pri:0, instance:org.example.Runner.Runner@6591f517]" started-at="2022-06-15T19:45:41 EET" name="runScenario" description="Runs Cucumber Scenarios" data-provider="scenarios" finished-at="2022-06-15T19:45:49 EET" duration-ms="7452" status="PASS">
          <params>
            <param index="0">
              <value>
                <![CDATA["User can Select Euro Currency For shopping"]]>
              </value>
            </param>
            <param index="1">
              <value>
                <![CDATA["Optional[User can switch between currencies]"]]>
              </value>
            </param>
          </params>
          <reporter-output>
          </reporter-output>
        </test-method> <!-- runScenario -->
        <test-method signature="runScenario(io.cucumber.testng.PickleWrapper,io.cucumber.testng.FeatureWrapper)[pri:0, instance:org.example.Runner.Runner@6591f517]" started-at="2022-06-15T19:45:49 EET" name="runScenario" description="Runs Cucumber Scenarios" data-provider="scenarios" finished-at="2022-06-15T19:45:57 EET" duration-ms="8385" status="PASS">
          <params>
            <param index="0">
              <value>
                <![CDATA["User Could search for Products using Product name"]]>
              </value>
            </param>
            <param index="1">
              <value>
                <![CDATA["Optional[User could search for products in search box]"]]>
              </value>
            </param>
          </params>
          <reporter-output>
          </reporter-output>
        </test-method> <!-- runScenario -->
        <test-method signature="runScenario(io.cucumber.testng.PickleWrapper,io.cucumber.testng.FeatureWrapper)[pri:0, instance:org.example.Runner.Runner@6591f517]" started-at="2022-06-15T19:45:57 EET" name="runScenario" description="Runs Cucumber Scenarios" data-provider="scenarios" finished-at="2022-06-15T19:47:42 EET" duration-ms="104858" status="FAIL">
          <params>
            <param index="0">
              <value>
                <![CDATA["User Could search for Products using Product name"]]>
              </value>
            </param>
            <param index="1">
              <value>
                <![CDATA["Optional[User could search for products in search box]"]]>
              </value>
            </param>
          </params>
          <exception class="org.openqa.selenium.WebDriverException">
            <message>
              <![CDATA[chrome not reachable
  (Session info: chrome=102.0.5005.115)
Build info: version: '4.1.4', revision: '535d840ee2'
System info: host: 'DESKTOP-LVVDLDS', ip: '192.168.1.8', os.name: 'Windows 10', os.arch: 'amd64', os.version: '10.0', java.version: '18'
Driver info: org.openqa.selenium.chrome.ChromeDriver
Command: [a357af5f51226ae19a3b96e4805165d9, findElement {using=css selector, value=a[class="ico-login"]}]
Capabilities {acceptInsecureCerts: false, browserName: chrome, browserVersion: 102.0.5005.115, chrome: {chromedriverVersion: 102.0.5005.61 (0e59bcc00cc4..., userDataDir: C:\Users\ABDULR~1\AppData\L...}, goog:chromeOptions: {debuggerAddress: localhost:53386}, javascriptEnabled: true, networkConnectionEnabled: false, pageLoadStrategy: normal, platform: WINDOWS, platformName: WINDOWS, proxy: Proxy(), se:cdp: ws://localhost:53386/devtoo..., se:cdpVersion: 102.0.5005.115, setWindowRect: true, strictFileInteractability: false, timeouts: {implicit: 0, pageLoad: 300000, script: 30000}, unhandledPromptBehavior: dismiss and notify, webauthn:extension:credBlob: true, webauthn:extension:largeBlob: true, webauthn:virtualAuthenticators: true}
Session ID: a357af5f51226ae19a3b96e4805165d9]]>
            </message>
            <full-stacktrace>
              <![CDATA[org.openqa.selenium.WebDriverException: chrome not reachable
  (Session info: chrome=102.0.5005.115)
Build info: version: '4.1.4', revision: '535d840ee2'
System info: host: 'DESKTOP-LVVDLDS', ip: '192.168.1.8', os.name: 'Windows 10', os.arch: 'amd64', os.version: '10.0', java.version: '18'
Driver info: org.openqa.selenium.chrome.ChromeDriver
Command: [a357af5f51226ae19a3b96e4805165d9, findElement {using=css selector, value=a[class="ico-login"]}]
Capabilities {acceptInsecureCerts: false, browserName: chrome, browserVersion: 102.0.5005.115, chrome: {chromedriverVersion: 102.0.5005.61 (0e59bcc00cc4..., userDataDir: C:\Users\ABDULR~1\AppData\L...}, goog:chromeOptions: {debuggerAddress: localhost:53386}, javascriptEnabled: true, networkConnectionEnabled: false, pageLoadStrategy: normal, platform: WINDOWS, platformName: WINDOWS, proxy: Proxy(), se:cdp: ws://localhost:53386/devtoo..., se:cdpVersion: 102.0.5005.115, setWindowRect: true, strictFileInteractability: false, timeouts: {implicit: 0, pageLoad: 300000, script: 30000}, unhandledPromptBehavior: dismiss and notify, webauthn:extension:credBlob: true, webauthn:extension:largeBlob: true, webauthn:virtualAuthenticators: true}
Session ID: a357af5f51226ae19a3b96e4805165d9
at java.base/jdk.internal.reflect.DirectConstructorHandleAccessor.newInstance(DirectConstructorHandleAccessor.java:67)
at java.base/java.lang.reflect.Constructor.newInstanceWithCaller(Constructor.java:499)
at java.base/java.lang.reflect.Constructor.newInstance(Constructor.java:483)
at org.openqa.selenium.remote.codec.w3c.W3CHttpResponseCodec.createException(W3CHttpResponseCodec.java:200)
at org.openqa.selenium.remote.codec.w3c.W3CHttpResponseCodec.decode(W3CHttpResponseCodec.java:133)
at org.openqa.selenium.remote.codec.w3c.W3CHttpResponseCodec.decode(W3CHttpResponseCodec.java:53)
at org.openqa.selenium.remote.HttpCommandExecutor.execute(HttpCommandExecutor.java:184)
at org.openqa.selenium.remote.service.DriverCommandExecutor.invokeExecute(DriverCommandExecutor.java:167)
at org.openqa.selenium.remote.service.DriverCommandExecutor.execute(DriverCommandExecutor.java:142)
at org.openqa.selenium.remote.RemoteWebDriver.execute(RemoteWebDriver.java:567)
at org.openqa.selenium.remote.ElementLocation$ElementFinder$2.findElement(ElementLocation.java:162)
at org.openqa.selenium.remote.ElementLocation.findElement(ElementLocation.java:60)
at org.openqa.selenium.remote.RemoteWebDriver.findElement(RemoteWebDriver.java:385)
at org.openqa.selenium.remote.RemoteWebDriver.findElement(RemoteWebDriver.java:377)
at org.example.Pages.P02_Login.Login_Link(P02_Login.java:12)
at org.example.StepDefinition.SD02_Login.Navigate_Login_Page(SD02_Login.java:17)
at ✽.User navigate to Login Page(file:///C:/New%20folder/E-Commerce_Automation/src/main/resources/Features/F04_Search.feature:6)
]]>
            </full-stacktrace>
          </exception> <!-- org.openqa.selenium.WebDriverException -->
          <reporter-output>
          </reporter-output>
        </test-method> <!-- runScenario -->
        <test-method signature="runScenario(io.cucumber.testng.PickleWrapper,io.cucumber.testng.FeatureWrapper)[pri:0, instance:org.example.Runner.Runner@6591f517]" started-at="2022-06-15T19:47:42 EET" name="runScenario" description="Runs Cucumber Scenarios" data-provider="scenarios" finished-at="2022-06-15T19:47:49 EET" duration-ms="7468" status="PASS">
          <params>
            <param index="0">
              <value>
                <![CDATA["User Could search for Products using Product name"]]>
              </value>
            </param>
            <param index="1">
              <value>
                <![CDATA["Optional[User could search for products in search box]"]]>
              </value>
            </param>
          </params>
          <reporter-output>
          </reporter-output>
        </test-method> <!-- runScenario -->
        <test-method signature="runScenario(io.cucumber.testng.PickleWrapper,io.cucumber.testng.FeatureWrapper)[pri:0, instance:org.example.Runner.Runner@6591f517]" started-at="2022-06-15T19:47:49 EET" name="runScenario" description="Runs Cucumber Scenarios" data-provider="scenarios" finished-at="2022-06-15T19:47:59 EET" duration-ms="9279" status="PASS">
          <params>
            <param index="0">
              <value>
                <![CDATA["User Could search for Products using SKU"]]>
              </value>
            </param>
            <param index="1">
              <value>
                <![CDATA["Optional[User could search for products in search box]"]]>
              </value>
            </param>
          </params>
          <reporter-output>
          </reporter-output>
        </test-method> <!-- runScenario -->
        <test-method signature="runScenario(io.cucumber.testng.PickleWrapper,io.cucumber.testng.FeatureWrapper)[pri:0, instance:org.example.Runner.Runner@6591f517]" started-at="2022-06-15T19:47:59 EET" name="runScenario" description="Runs Cucumber Scenarios" data-provider="scenarios" finished-at="2022-06-15T19:48:08 EET" duration-ms="9378" status="PASS">
          <params>
            <param index="0">
              <value>
                <![CDATA["User Could search for Products using SKU"]]>
              </value>
            </param>
            <param index="1">
              <value>
                <![CDATA["Optional[User could search for products in search box]"]]>
              </value>
            </param>
          </params>
          <reporter-output>
          </reporter-output>
        </test-method> <!-- runScenario -->
        <test-method signature="runScenario(io.cucumber.testng.PickleWrapper,io.cucumber.testng.FeatureWrapper)[pri:0, instance:org.example.Runner.Runner@6591f517]" started-at="2022-06-15T19:48:08 EET" name="runScenario" description="Runs Cucumber Scenarios" data-provider="scenarios" finished-at="2022-06-15T19:48:18 EET" duration-ms="9568" status="PASS">
          <params>
            <param index="0">
              <value>
                <![CDATA["User Could search for Products using SKU"]]>
              </value>
            </param>
            <param index="1">
              <value>
                <![CDATA["Optional[User could search for products in search box]"]]>
              </value>
            </param>
          </params>
          <reporter-output>
          </reporter-output>
        </test-method> <!-- runScenario -->
        <test-method signature="runScenario(io.cucumber.testng.PickleWrapper,io.cucumber.testng.FeatureWrapper)[pri:0, instance:org.example.Runner.Runner@6591f517]" started-at="2022-06-15T19:48:18 EET" name="runScenario" description="Runs Cucumber Scenarios" data-provider="scenarios" finished-at="2022-06-15T19:48:25 EET" duration-ms="7043" status="PASS">
          <params>
            <param index="0">
              <value>
                <![CDATA["User can hover to computer category and select Desktops sub-category"]]>
              </value>
            </param>
            <param index="1">
              <value>
                <![CDATA["Optional[User can hover to different categories and select sub categories]"]]>
              </value>
            </param>
          </params>
          <reporter-output>
          </reporter-output>
        </test-method> <!-- runScenario -->
        <test-method signature="runScenario(io.cucumber.testng.PickleWrapper,io.cucumber.testng.FeatureWrapper)[pri:0, instance:org.example.Runner.Runner@6591f517]" started-at="2022-06-15T19:48:25 EET" name="runScenario" description="Runs Cucumber Scenarios" data-provider="scenarios" finished-at="2022-06-15T19:48:29 EET" duration-ms="4767" status="FAIL">
          <params>
            <param index="0">
              <value>
                <![CDATA["User could select a slider and navigate to the product page in the slider"]]>
              </value>
            </param>
            <param index="1">
              <value>
                <![CDATA["Optional[User could navigate between sliders]"]]>
              </value>
            </param>
          </params>
          <exception class="java.lang.AssertionError">
            <message>
              <![CDATA[User doesn't Navigate to product page expected [https://demo.nopcommerce.com/nokia-lumia-1020] but found [https://demo.nopcommerce.com/]]]>
            </message>
            <full-stacktrace>
              <![CDATA[java.lang.AssertionError: User doesn't Navigate to product page expected [https://demo.nopcommerce.com/nokia-lumia-1020] but found [https://demo.nopcommerce.com/]
at org.testng.Assert.fail(Assert.java:99)
at org.testng.Assert.failNotEquals(Assert.java:1037)
at org.testng.Assert.assertEqualsImpl(Assert.java:140)
at org.testng.Assert.assertEquals(Assert.java:122)
at org.testng.Assert.assertEquals(Assert.java:629)
at org.example.StepDefinition.SD06_Slider.Direct_product_Page(SD06_Slider.java:27)
at ✽.User should be directed to the product page "https://demo.nopcommerce.com/nokia-lumia-1020"(file:///C:/New%20folder/E-Commerce_Automation/src/main/resources/Features/F06_Slider.feature:20)
]]>
            </full-stacktrace>
          </exception> <!-- java.lang.AssertionError -->
          <reporter-output>
          </reporter-output>
        </test-method> <!-- runScenario -->
        <test-method signature="runScenario(io.cucumber.testng.PickleWrapper,io.cucumber.testng.FeatureWrapper)[pri:0, instance:org.example.Runner.Runner@6591f517]" started-at="2022-06-15T19:48:29 EET" name="runScenario" description="Runs Cucumber Scenarios" data-provider="scenarios" finished-at="2022-06-15T19:48:34 EET" duration-ms="5089" status="FAIL">
          <params>
            <param index="0">
              <value>
                <![CDATA["User could select a slider and navigate to the product page in the slider"]]>
              </value>
            </param>
            <param index="1">
              <value>
                <![CDATA["Optional[User could navigate between sliders]"]]>
              </value>
            </param>
          </params>
          <exception class="java.lang.AssertionError">
            <message>
              <![CDATA[User doesn't Navigate to product page expected [https://demo.nopcommerce.com/iphone-6] but found [https://demo.nopcommerce.com/]]]>
            </message>
            <full-stacktrace>
              <![CDATA[java.lang.AssertionError: User doesn't Navigate to product page expected [https://demo.nopcommerce.com/iphone-6] but found [https://demo.nopcommerce.com/]
at org.testng.Assert.fail(Assert.java:99)
at org.testng.Assert.failNotEquals(Assert.java:1037)
at org.testng.Assert.assertEqualsImpl(Assert.java:140)
at org.testng.Assert.assertEquals(Assert.java:122)
at org.testng.Assert.assertEquals(Assert.java:629)
at org.example.StepDefinition.SD06_Slider.Direct_product_Page(SD06_Slider.java:27)
at ✽.User should be directed to the product page "https://demo.nopcommerce.com/iphone-6"(file:///C:/New%20folder/E-Commerce_Automation/src/main/resources/Features/F06_Slider.feature:20)
]]>
            </full-stacktrace>
          </exception> <!-- java.lang.AssertionError -->
          <reporter-output>
          </reporter-output>
        </test-method> <!-- runScenario -->
        <test-method signature="runScenario(io.cucumber.testng.PickleWrapper,io.cucumber.testng.FeatureWrapper)[pri:0, instance:org.example.Runner.Runner@6591f517]" started-at="2022-06-15T19:48:34 EET" name="runScenario" description="Runs Cucumber Scenarios" data-provider="scenarios" finished-at="2022-06-15T19:48:42 EET" duration-ms="7354" status="PASS">
          <params>
            <param index="0">
              <value>
                <![CDATA["User could navigate to networks Links of the Website (Facebook , Twitter , ... )"]]>
              </value>
            </param>
            <param index="1">
              <value>
                <![CDATA["Optional[User could follow website accounts int follow us section]"]]>
              </value>
            </param>
          </params>
          <reporter-output>
          </reporter-output>
        </test-method> <!-- runScenario -->
        <test-method signature="runScenario(io.cucumber.testng.PickleWrapper,io.cucumber.testng.FeatureWrapper)[pri:0, instance:org.example.Runner.Runner@6591f517]" started-at="2022-06-15T19:48:42 EET" name="runScenario" description="Runs Cucumber Scenarios" data-provider="scenarios" finished-at="2022-06-15T19:48:49 EET" duration-ms="7531" status="PASS">
          <params>
            <param index="0">
              <value>
                <![CDATA["User could navigate to networks Links of the Website (Facebook , Twitter , ... )"]]>
              </value>
            </param>
            <param index="1">
              <value>
                <![CDATA["Optional[User could follow website accounts int follow us section]"]]>
              </value>
            </param>
          </params>
          <reporter-output>
          </reporter-output>
        </test-method> <!-- runScenario -->
        <test-method signature="runScenario(io.cucumber.testng.PickleWrapper,io.cucumber.testng.FeatureWrapper)[pri:0, instance:org.example.Runner.Runner@6591f517]" started-at="2022-06-15T19:48:49 EET" name="runScenario" description="Runs Cucumber Scenarios" data-provider="scenarios" finished-at="2022-06-15T19:48:57 EET" duration-ms="7824" status="FAIL">
          <params>
            <param index="0">
              <value>
                <![CDATA["User could navigate to networks Links of the Website (Facebook , Twitter , ... )"]]>
              </value>
            </param>
            <param index="1">
              <value>
                <![CDATA["Optional[User could follow website accounts int follow us section]"]]>
              </value>
            </param>
          </params>
          <exception class="java.lang.AssertionError">
            <message>
              <![CDATA[User directed to the wrong page expected [https://demo.nopcommerce.com/new-online-store-is-open] but found [https://demo.nopcommerce.com/news/rss/1]]]>
            </message>
            <full-stacktrace>
              <![CDATA[java.lang.AssertionError: User directed to the wrong page expected [https://demo.nopcommerce.com/new-online-store-is-open] but found [https://demo.nopcommerce.com/news/rss/1]
at org.testng.Assert.fail(Assert.java:99)
at org.testng.Assert.failNotEquals(Assert.java:1037)
at org.testng.Assert.assertEqualsImpl(Assert.java:140)
at org.testng.Assert.assertEquals(Assert.java:122)
at org.testng.Assert.assertEquals(Assert.java:629)
at org.example.StepDefinition.SD07_FollowUs.Direct_Network_Page(SD07_FollowUs.java:35)
at ✽.User should be directed to Network Page "https://demo.nopcommerce.com/new-online-store-is-open"(file:///C:/New%20folder/E-Commerce_Automation/src/main/resources/Features/F07_FollowUs.feature:18)
]]>
            </full-stacktrace>
          </exception> <!-- java.lang.AssertionError -->
          <reporter-output>
          </reporter-output>
        </test-method> <!-- runScenario -->
        <test-method signature="runScenario(io.cucumber.testng.PickleWrapper,io.cucumber.testng.FeatureWrapper)[pri:0, instance:org.example.Runner.Runner@6591f517]" started-at="2022-06-15T19:48:57 EET" name="runScenario" description="Runs Cucumber Scenarios" data-provider="scenarios" finished-at="2022-06-15T19:49:06 EET" duration-ms="8971" status="PASS">
          <params>
            <param index="0">
              <value>
                <![CDATA["User could navigate to networks Links of the Website (Facebook , Twitter , ... )"]]>
              </value>
            </param>
            <param index="1">
              <value>
                <![CDATA["Optional[User could follow website accounts int follow us section]"]]>
              </value>
            </param>
          </params>
          <reporter-output>
          </reporter-output>
        </test-method> <!-- runScenario -->
        <test-method signature="runScenario(io.cucumber.testng.PickleWrapper,io.cucumber.testng.FeatureWrapper)[pri:0, instance:org.example.Runner.Runner@6591f517]" started-at="2022-06-15T19:49:06 EET" name="runScenario" description="Runs Cucumber Scenarios" data-provider="scenarios" finished-at="2022-06-15T19:49:12 EET" duration-ms="5793" status="PASS">
          <params>
            <param index="0">
              <value>
                <![CDATA["A success Message Appears when user Add product to wish list"]]>
              </value>
            </param>
            <param index="1">
              <value>
                <![CDATA["Optional[User could add products to Wish List]"]]>
              </value>
            </param>
          </params>
          <reporter-output>
          </reporter-output>
        </test-method> <!-- runScenario -->
        <test-method signature="runScenario(io.cucumber.testng.PickleWrapper,io.cucumber.testng.FeatureWrapper)[pri:0, instance:org.example.Runner.Runner@6591f517]" started-at="2022-06-15T19:49:12 EET" name="runScenario" description="Runs Cucumber Scenarios" data-provider="scenarios" finished-at="2022-06-15T19:49:20 EET" duration-ms="7974" status="PASS">
          <params>
            <param index="0">
              <value>
                <![CDATA["Quantity of the product increases after adding product to wish list"]]>
              </value>
            </param>
            <param index="1">
              <value>
                <![CDATA["Optional[User could add products to Wish List]"]]>
              </value>
            </param>
          </params>
          <reporter-output>
          </reporter-output>
        </test-method> <!-- runScenario -->
        <test-method is-config="true" signature="tearDownClass()[pri:0, instance:org.example.Runner.Runner@6591f517]" started-at="2022-06-15T19:49:20 EET" name="tearDownClass" finished-at="2022-06-15T19:49:20 EET" duration-ms="565" status="PASS">
          <reporter-output>
          </reporter-output>
        </test-method> <!-- tearDownClass -->
      </class> <!-- org.example.Runner.Runner -->
    </test> <!-- Surefire test -->
  </suite> <!-- Surefire suite -->
</testng-results>
